<?xml version="1.0" encoding="UTF-8"?>
<!-- Generated by org.testng.reporters.JUnitXMLReporter -->
<testsuite ignored="0" hostname="RS-MacBook-Pro.local" failures="0" tests="1" name="Surefire test" time="0.12" errors="0" timestamp="29 Jun 2023 11:31:34 GMT">
  <testcase classname="utils.LoginPage" name="@BeforeMethod lunchBrowser" time="0.094">
    <failure type="java.lang.IllegalStateException" message="The path to the driver executable must be set by the webdriver.chrome.driver system property; for more information, see https://github.com/SeleniumHQ/selenium/wiki/ChromeDriver. The latest version can be downloaded from http://chromedriver.storage.googleapis.com/index.html">
      <![CDATA[java.lang.IllegalStateException: The path to the driver executable must be set by the webdriver.chrome.driver system property; for more information, see https://github.com/SeleniumHQ/selenium/wiki/ChromeDriver. The latest version can be downloaded from http://chromedriver.storage.googleapis.com/index.html
at com.google.common.base.Preconditions.checkState(Preconditions.java:847)
at org.openqa.selenium.remote.service.DriverService.findExecutable(DriverService.java:125)
at org.openqa.selenium.chrome.ChromeDriverService.access$000(ChromeDriverService.java:35)
at org.openqa.selenium.chrome.ChromeDriverService$Builder.findDefaultExecutable(ChromeDriverService.java:156)
at org.openqa.selenium.remote.service.DriverService$Builder.build(DriverService.java:346)
at org.openqa.selenium.chrome.ChromeDriverService.createDefaultService(ChromeDriverService.java:91)
at org.openqa.selenium.chrome.ChromeDriver.<init>(ChromeDriver.java:123)
at utils.LoginPage.lunchBrowser(LoginPage.java:24)
... Removed 31 stack frames]]>
    </failure>
  </testcase> <!-- @BeforeMethod lunchBrowser -->
  <testcase classname="utils.LoginPage" name="@AfterMethod LogOut" time="0.0">
    <skipped/>
  </testcase> <!-- @AfterMethod LogOut -->
  <testcase classname="utils.LoginPage" name="@AfterClass Quit" time="0.0">
    <skipped/>
  </testcase> <!-- @AfterClass Quit -->
  <testcase classname="songTest.SongRunnerTest" name="songTestRun" time="0.0">
    <skipped/>
  </testcase> <!-- songTestRun -->
</testsuite> <!-- Surefire test -->
